[2025-11-29 15:05:28] [31m[error][0m redis.go:20 rbac.admin/core.InitRedis è¿æ¥rediså¤±è´¥ NOAUTH Authentication required.
[2025-11-29 15:05:40] [31m[error][0m redis.go:20 rbac.admin/core.InitRedis è¿æ¥rediså¤±è´¥ NOAUTH Authentication required.
[2025-11-29 15:12:10] [31m[error][0m redis.go:20 rbac.admin/core.InitRedis è¿æ¥rediså¤±è´¥ NOAUTH Authentication required.
[2025-11-29 15:12:29] [31m[error][0m redis.go:20 rbac.admin/core.InitRedis è¿æ¥rediså¤±è´¥ NOAUTH Authentication required.
[2025-11-29 15:16:43] [31m[error][0m redis.go:20 rbac.admin/core.InitRedis è¿æ¥rediså¤±è´¥ NOAUTH Authentication required.
[2025-11-29 15:42:44] [31m[error][0m redis.go:20 rbac.admin/core.InitRedis è¿æ¥rediså¤±è´¥ NOAUTH Authentication required.
[2025-11-29 15:43:20] [31m[error][0m redis.go:20 rbac.admin/core.InitRedis è¿æ¥rediså¤±è´¥ NOAUTH Authentication required.
[2025-11-29 18:35:05] [31m[error][0m redis.go:20 rbac.admin/core.InitRedis è¿æ¥rediså¤±è´¥ NOAUTH Authentication required.
[2025-11-29 18:35:05] [31m[fatal][0m db.go:19 rbac.admin/flags.AutoMigrate è¡¨ç»“æ„è¿ç§»å¤±è´¥ failed to parse field: MenuList, error: invalid field found for struct rbac.admin/models.MenuModel's field ParentMenuModel: define a valid foreign key for relations or implement the Valuer/Scanner interface
[2025-11-29 18:38:45] [31m[error][0m redis.go:20 rbac.admin/core.InitRedis è¿æ¥rediså¤±è´¥ NOAUTH Authentication required.
[2025-11-29 18:38:45] [31m[fatal][0m db.go:19 rbac.admin/flags.AutoMigrate è¡¨ç»“æ„è¿ç§»å¤±è´¥ invalid field found for struct rbac.admin/models.UserRoleModel's field UserModel: define a valid foreign key for relations or implement the Valuer/Scanner interface
[2025-11-29 18:39:25] [31m[error][0m redis.go:20 rbac.admin/core.InitRedis è¿æ¥rediså¤±è´¥ NOAUTH Authentication required.
[2025-11-29 18:39:25] [31m[fatal][0m db.go:19 rbac.admin/flags.AutoMigrate è¡¨ç»“æ„è¿ç§»å¤±è´¥ invalid field found for struct rbac.admin/models.UserRoleModel's field UserModel: define a valid foreign key for relations or implement the Valuer/Scanner interface
[2025-11-29 18:39:48] [31m[error][0m redis.go:20 rbac.admin/core.InitRedis è¿æ¥rediså¤±è´¥ NOAUTH Authentication required.
[2025-11-29 18:39:48] [31m[fatal][0m db.go:19 rbac.admin/flags.AutoMigrate è¡¨ç»“æ„è¿ç§»å¤±è´¥ invalid field found for struct rbac.admin/models.UserRoleModel's field UserModel: define a valid foreign key for relations or implement the Valuer/Scanner interface
[2025-11-29 18:45:09] [31m[error][0m redis.go:20 rbac.admin/core.InitRedis è¿æ¥rediså¤±è´¥ NOAUTH Authentication required.
[2025-11-29 19:01:23] [31m[error][0m redis.go:20 rbac.admin/core.InitRedis è¿æ¥rediså¤±è´¥ NOAUTH Authentication required.
[2025-11-29 19:29:57] [31m[error][0m redis.go:20 rbac.admin/core.InitRedis è¿æ¥rediså¤±è´¥ NOAUTH Authentication required.
[2025-11-29 19:49:56] [31m[error][0m redis.go:20 rbac.admin/core.InitRedis è¿æ¥rediså¤±è´¥ NOAUTH Authentication required.
[2025-11-29 19:50:31] [31m[error][0m user.go:49 rbac.admin/flags.User.CreateSuperAdmin åˆ›å»ºç”¨æˆ·å¤±è´¥ Error 1292 (22007): Incorrect datetime value: '0000-00-00' for column 'create_at' at row 1
[2025-11-29 19:57:41] [31m[error][0m redis.go:20 rbac.admin/core.InitRedis è¿æ¥rediså¤±è´¥ NOAUTH Authentication required.
[2025-11-29 19:59:50] [31m[error][0m redis.go:20 rbac.admin/core.InitRedis è¿æ¥rediså¤±è´¥ NOAUTH Authentication required.
[2025-11-29 20:01:32] [31m[error][0m redis.go:20 rbac.admin/core.InitRedis è¿æ¥rediså¤±è´¥ NOAUTH Authentication required.
[2025-11-29 20:05:16] [31m[error][0m redis.go:20 rbac.admin/core.InitRedis è¿æ¥rediså¤±è´¥ NOAUTH Authentication required.
[2025-11-29 20:05:16] [31m[fatal][0m db.go:21 rbac.admin/flags.AutoMigrate è¡¨ç»“æ„è¿ç§»å¤±è´¥ Error 1170 (42000): BLOB/TEXT column 'username' used in key specification without a key length
[2025-11-29 20:10:04] [31m[error][0m redis.go:20 rbac.admin/core.InitRedis è¿æ¥rediså¤±è´¥ NOAUTH Authentication required.
[2025-11-29 20:10:04] [31m[fatal][0m db.go:21 rbac.admin/flags.AutoMigrate è¡¨ç»“æ„è¿ç§»å¤±è´¥ Error 1170 (42000): BLOB/TEXT column 'username' used in key specification without a key length
[2025-11-29 20:12:16] [31m[error][0m redis.go:20 rbac.admin/core.InitRedis è¿æ¥rediså¤±è´¥ NOAUTH Authentication required.
[2025-11-29 20:13:17] [31m[error][0m redis.go:20 rbac.admin/core.InitRedis è¿æ¥rediså¤±è´¥ NOAUTH Authentication required.
[2025-11-29 20:41:42] [31m[error][0m redis.go:20 rbac.admin/core.InitRedis è¿æ¥rediså¤±è´¥ NOAUTH Authentication required.
[2025-11-29 20:44:16] [31m[error][0m redis.go:20 rbac.admin/core.InitRedis è¿æ¥rediså¤±è´¥ NOAUTH Authentication required.
[2025-11-29 20:46:24] [31m[error][0m redis.go:20 rbac.admin/core.InitRedis è¿æ¥rediså¤±è´¥ NOAUTH Authentication required.
[2025-11-29 20:47:03] [31m[error][0m redis.go:20 rbac.admin/core.InitRedis è¿æ¥rediså¤±è´¥ NOAUTH Authentication required.
[2025-11-29 20:47:53] [31m[error][0m redis.go:20 rbac.admin/core.InitRedis è¿æ¥rediså¤±è´¥ NOAUTH Authentication required.
[2025-11-29 21:06:33] [31m[error][0m redis.go:20 rbac.admin/core.InitRedis è¿æ¥rediså¤±è´¥ NOAUTH Authentication required.
