[2025-11-29 15:05:28] [36m[info][0m db.go:66 rbac.admin/core.InitGorm æ•°æ®åº“è¿æ¥æˆåŠŸ
[2025-11-29 15:05:28] [31m[error][0m redis.go:20 rbac.admin/core.InitRedis è¿æ¥rediså¤±è´¥ NOAUTH Authentication required.
[2025-11-29 15:05:28] [36m[info][0m redis.go:22 rbac.admin/core.InitRedis æˆåŠŸè¿æ¥redis
[2025-11-29 15:05:40] [36m[info][0m db.go:66 rbac.admin/core.InitGorm æ•°æ®åº“è¿æ¥æˆåŠŸ
[2025-11-29 15:05:40] [31m[error][0m redis.go:20 rbac.admin/core.InitRedis è¿æ¥rediså¤±è´¥ NOAUTH Authentication required.
[2025-11-29 15:05:40] [36m[info][0m redis.go:22 rbac.admin/core.InitRedis æˆåŠŸè¿æ¥redis
[2025-11-29 15:12:10] [36m[info][0m db.go:66 rbac.admin/core.InitGorm æ•°æ®åº“è¿æ¥æˆåŠŸ
[2025-11-29 15:12:10] [31m[error][0m redis.go:20 rbac.admin/core.InitRedis è¿æ¥rediså¤±è´¥ NOAUTH Authentication required.
[2025-11-29 15:12:10] [36m[info][0m redis.go:22 rbac.admin/core.InitRedis æˆåŠŸè¿æ¥redis
[2025-11-29 15:12:29] [36m[info][0m db.go:66 rbac.admin/core.InitGorm æ•°æ®åº“è¿æ¥æˆåŠŸ
[2025-11-29 15:12:29] [31m[error][0m redis.go:20 rbac.admin/core.InitRedis è¿æ¥rediså¤±è´¥ NOAUTH Authentication required.
[2025-11-29 15:12:29] [36m[info][0m redis.go:22 rbac.admin/core.InitRedis æˆåŠŸè¿æ¥redis
[2025-11-29 15:16:43] [36m[info][0m db.go:66 rbac.admin/core.InitGorm æ•°æ®åº“è¿æ¥æˆåŠŸ
[2025-11-29 15:16:43] [31m[error][0m redis.go:20 rbac.admin/core.InitRedis è¿æ¥rediså¤±è´¥ NOAUTH Authentication required.
[2025-11-29 15:16:43] [36m[info][0m redis.go:22 rbac.admin/core.InitRedis æˆåŠŸè¿æ¥redis
[2025-11-29 15:42:44] [36m[info][0m read_config.go:25 rbac.admin/core.ReadConfig é…ç½®æ–‡ä»¶è¯»å–æˆåŠŸ%!(EXTRA string=settings.yaml)
[2025-11-29 15:42:44] [36m[info][0m db.go:66 rbac.admin/core.InitGorm æ•°æ®åº“è¿æ¥æˆåŠŸ
[2025-11-29 15:42:44] [31m[error][0m redis.go:20 rbac.admin/core.InitRedis è¿æ¥rediså¤±è´¥ NOAUTH Authentication required.
[2025-11-29 15:42:44] [36m[info][0m redis.go:22 rbac.admin/core.InitRedis æˆåŠŸè¿æ¥redis
[2025-11-29 15:43:20] [36m[info][0m read_config.go:25 rbac.admin/core.ReadConfig é…ç½®æ–‡ä»¶è¯»å–æˆåŠŸ%!(EXTRA string=settings_dev.yaml)
[2025-11-29 15:43:20] [36m[info][0m db.go:66 rbac.admin/core.InitGorm æ•°æ®åº“è¿æ¥æˆåŠŸ
[2025-11-29 15:43:20] [31m[error][0m redis.go:20 rbac.admin/core.InitRedis è¿æ¥rediså¤±è´¥ NOAUTH Authentication required.
[2025-11-29 15:43:20] [36m[info][0m redis.go:22 rbac.admin/core.InitRedis æˆåŠŸè¿æ¥redis
[2025-11-29 18:35:05] [36m[info][0m read_config.go:25 rbac.admin/core.ReadConfig é…ç½®æ–‡ä»¶è¯»å–æˆåŠŸ%!(EXTRA string=settings.yaml)
[2025-11-29 18:35:05] [36m[info][0m db.go:66 rbac.admin/core.InitGorm æ•°æ®åº“è¿æ¥æˆåŠŸ
[2025-11-29 18:35:05] [31m[error][0m redis.go:20 rbac.admin/core.InitRedis è¿æ¥rediså¤±è´¥ NOAUTH Authentication required.
[2025-11-29 18:35:05] [36m[info][0m redis.go:22 rbac.admin/core.InitRedis æˆåŠŸè¿æ¥redis
[2025-11-29 18:35:05] [31m[fatal][0m db.go:19 rbac.admin/flags.AutoMigrate è¡¨ç»“æ„è¿ç§»å¤±è´¥ failed to parse field: MenuList, error: invalid field found for struct rbac.admin/models.MenuModel's field ParentMenuModel: define a valid foreign key for relations or implement the Valuer/Scanner interface
[2025-11-29 18:38:45] [36m[info][0m read_config.go:25 rbac.admin/core.ReadConfig é…ç½®æ–‡ä»¶è¯»å–æˆåŠŸ%!(EXTRA string=settings.yaml)
[2025-11-29 18:38:45] [36m[info][0m db.go:66 rbac.admin/core.InitGorm æ•°æ®åº“è¿æ¥æˆåŠŸ
[2025-11-29 18:38:45] [31m[error][0m redis.go:20 rbac.admin/core.InitRedis è¿æ¥rediså¤±è´¥ NOAUTH Authentication required.
[2025-11-29 18:38:45] [36m[info][0m redis.go:22 rbac.admin/core.InitRedis æˆåŠŸè¿æ¥redis
[2025-11-29 18:38:45] [31m[fatal][0m db.go:19 rbac.admin/flags.AutoMigrate è¡¨ç»“æ„è¿ç§»å¤±è´¥ invalid field found for struct rbac.admin/models.UserRoleModel's field UserModel: define a valid foreign key for relations or implement the Valuer/Scanner interface
[2025-11-29 18:39:25] [36m[info][0m read_config.go:25 rbac.admin/core.ReadConfig é…ç½®æ–‡ä»¶è¯»å–æˆåŠŸ%!(EXTRA string=settings.yaml)
[2025-11-29 18:39:25] [36m[info][0m db.go:66 rbac.admin/core.InitGorm æ•°æ®åº“è¿æ¥æˆåŠŸ
[2025-11-29 18:39:25] [31m[error][0m redis.go:20 rbac.admin/core.InitRedis è¿æ¥rediså¤±è´¥ NOAUTH Authentication required.
[2025-11-29 18:39:25] [36m[info][0m redis.go:22 rbac.admin/core.InitRedis æˆåŠŸè¿æ¥redis
[2025-11-29 18:39:25] [31m[fatal][0m db.go:19 rbac.admin/flags.AutoMigrate è¡¨ç»“æ„è¿ç§»å¤±è´¥ invalid field found for struct rbac.admin/models.UserRoleModel's field UserModel: define a valid foreign key for relations or implement the Valuer/Scanner interface
[2025-11-29 18:39:48] [36m[info][0m read_config.go:25 rbac.admin/core.ReadConfig é…ç½®æ–‡ä»¶è¯»å–æˆåŠŸ%!(EXTRA string=settings.yaml)
[2025-11-29 18:39:48] [36m[info][0m db.go:66 rbac.admin/core.InitGorm æ•°æ®åº“è¿æ¥æˆåŠŸ
[2025-11-29 18:39:48] [31m[error][0m redis.go:20 rbac.admin/core.InitRedis è¿æ¥rediså¤±è´¥ NOAUTH Authentication required.
[2025-11-29 18:39:48] [36m[info][0m redis.go:22 rbac.admin/core.InitRedis æˆåŠŸè¿æ¥redis
[2025-11-29 18:39:48] [31m[fatal][0m db.go:19 rbac.admin/flags.AutoMigrate è¡¨ç»“æ„è¿ç§»å¤±è´¥ invalid field found for struct rbac.admin/models.UserRoleModel's field UserModel: define a valid foreign key for relations or implement the Valuer/Scanner interface
[2025-11-29 18:45:09] [36m[info][0m read_config.go:25 rbac.admin/core.ReadConfig é…ç½®æ–‡ä»¶è¯»å–æˆåŠŸ%!(EXTRA string=settings.yaml)
[2025-11-29 18:45:09] [36m[info][0m db.go:66 rbac.admin/core.InitGorm æ•°æ®åº“è¿æ¥æˆåŠŸ
[2025-11-29 18:45:09] [31m[error][0m redis.go:20 rbac.admin/core.InitRedis è¿æ¥rediså¤±è´¥ NOAUTH Authentication required.
[2025-11-29 18:45:09] [36m[info][0m redis.go:22 rbac.admin/core.InitRedis æˆåŠŸè¿æ¥redis
[2025-11-29 18:45:09] [36m[info][0m db.go:21 rbac.admin/flags.AutoMigrate è¡¨ç»“æ„è¿ç§»æˆåŠŸ
